# JRE version: OpenJDK Runtime Environment (17.0.6) (build 17.0.6+0-b2043.56-10027231)
# Java VM: OpenJDK 64-Bit Server VM (17.0.6+0-b2043.56-10027231, mixed mode, tiered, compressed oops, compressed class ptrs, g1 gc, windows-amd64)
GC Precious Log:
 CPUs: 12 total, 12 available
 Memory: 7521M
 Large Page Support: Disabled
 NUMA Support: Disabled
 Compressed Oops: Enabled (32-bit)
 Heap Region Size: 1M
 Heap Min Capacity: 8M
 Heap Initial Capacity: 118M
 Heap Max Capacity: 2G
 Pre-touch: Disabled
 Parallel Workers: 10
 Concurrent Workers: 3
 Concurrent Refinement Workers: 10
 Periodic GC: Disabled
Heap:
 garbage-first heap   total 178176K, used 126665K [0x0000000080000000, 0x0000000100000000)
  region size 1024K, 39 young (39936K), 6 survivors (6144K)
 Metaspace       used 97963K, committed 98688K, reserved 1138688K
  class space    used 13551K, committed 13888K, reserved 1048576K
GC Heap History (20 events):
Event: 4.463 GC heap before
{Heap before GC invocations=15 (full 0):
 garbage-first heap   total 158720K, used 62980K [0x0000000080000000, 0x0000000100000000)
  region size 1024K, 22 young (22528K), 11 survivors (11264K)
 Metaspace       used 59661K, committed 60160K, reserved 1105920K
  class space    used 7921K, committed 8192K, reserved 1048576K
}
Event: 4.467 GC heap after
{Heap after GC invocations=16 (full 0):
 garbage-first heap   total 158720K, used 52865K [0x0000000080000000, 0x0000000100000000)
  region size 1024K, 1 young (1024K), 1 survivors (1024K)
 Metaspace       used 59661K, committed 60160K, reserved 1105920K
  class space    used 7921K, committed 8192K, reserved 1048576K
}
Event: 5.093 GC heap before
{Heap before GC invocations=17 (full 0):
 garbage-first heap   total 158720K, used 130689K [0x0000000080000000, 0x0000000100000000)
  region size 1024K, 71 young (72704K), 1 survivors (1024K)
 Metaspace       used 67749K, committed 68288K, reserved 1114112K
  class space    used 9003K, committed 9280K, reserved 1048576K
}
Event: 5.097 GC heap after
{Heap after GC invocations=18 (full 0):
 garbage-first heap   total 158720K, used 58414K [0x0000000080000000, 0x0000000100000000)
  region size 1024K, 7 young (7168K), 7 survivors (7168K)
 Metaspace       used 67749K, committed 68288K, reserved 1114112K
  class space    used 9003K, committed 9280K, reserved 1048576K
}
Event: 5.666 GC heap before
{Heap before GC invocations=18 (full 0):
 garbage-first heap   total 158720K, used 123950K [0x0000000080000000, 0x0000000100000000)
  region size 1024K, 71 young (72704K), 7 survivors (7168K)
 Metaspace       used 75011K, committed 75584K, reserved 1122304K
  class space    used 10025K, committed 10304K, reserved 1048576K
}
Event: 5.671 GC heap after
{Heap after GC invocations=19 (full 0):
 garbage-first heap   total 158720K, used 63570K [0x0000000080000000, 0x0000000100000000)
  region size 1024K, 6 young (6144K), 6 survivors (6144K)
 Metaspace       used 75011K, committed 75584K, reserved 1122304K
  class space    used 10025K, committed 10304K, reserved 1048576K
}
Event: 6.207 GC heap before
{Heap before GC invocations=19 (full 0):
 garbage-first heap   total 158720K, used 125010K [0x0000000080000000, 0x0000000100000000)
  region size 1024K, 66 young (67584K), 6 survivors (6144K)
 Metaspace       used 80488K, committed 81024K, reserved 1122304K
  class space    used 10936K, committed 11200K, reserved 1048576K
}
Event: 6.214 GC heap after
{Heap after GC invocations=20 (full 0):
 garbage-first heap   total 158720K, used 67551K [0x0000000080000000, 0x0000000100000000)
  region size 1024K, 4 young (4096K), 4 survivors (4096K)
 Metaspace       used 80488K, committed 81024K, reserved 1122304K
  class space    used 10936K, committed 11200K, reserved 1048576K
}
Event: 6.792 GC heap before
{Heap before GC invocations=20 (full 0):
 garbage-first heap   total 158720K, used 126943K [0x0000000080000000, 0x0000000100000000)
  region size 1024K, 62 young (63488K), 4 survivors (4096K)
 Metaspace       used 86366K, committed 87040K, reserved 1130496K
  class space    used 11800K, committed 12096K, reserved 1048576K
}
Event: 6.799 GC heap after
{Heap after GC invocations=21 (full 0):
 garbage-first heap   total 158720K, used 71971K [0x0000000080000000, 0x0000000100000000)
  region size 1024K, 8 young (8192K), 8 survivors (8192K)
 Metaspace       used 86366K, committed 87040K, reserved 1130496K
  class space    used 11800K, committed 12096K, reserved 1048576K
}
Event: 7.351 GC heap before
{Heap before GC invocations=21 (full 0):
 garbage-first heap   total 158720K, used 127267K [0x0000000080000000, 0x0000000100000000)
  region size 1024K, 62 young (63488K), 8 survivors (8192K)
 Metaspace       used 92609K, committed 93248K, reserved 1130496K
  class space    used 12692K, committed 12992K, reserved 1048576K
}
Event: 7.359 GC heap after
{Heap after GC invocations=22 (full 0):
 garbage-first heap   total 158720K, used 76533K [0x0000000080000000, 0x0000000100000000)
  region size 1024K, 5 young (5120K), 5 survivors (5120K)
 Metaspace       used 92609K, committed 93248K, reserved 1130496K
  class space    used 12692K, committed 12992K, reserved 1048576K
}
Event: 7.615 GC heap before
{Heap before GC invocations=22 (full 0):
 garbage-first heap   total 158720K, used 127733K [0x0000000080000000, 0x0000000100000000)
  region size 1024K, 55 young (56320K), 5 survivors (5120K)
 Metaspace       used 93470K, committed 94144K, reserved 1130496K
  class space    used 12790K, committed 13120K, reserved 1048576K
}
Event: 7.622 GC heap after
{Heap after GC invocations=23 (full 0):
 garbage-first heap   total 158720K, used 84089K [0x0000000080000000, 0x0000000100000000)
  region size 1024K, 7 young (7168K), 7 survivors (7168K)
 Metaspace       used 93470K, committed 94144K, reserved 1130496K
  class space    used 12790K, committed 13120K, reserved 1048576K
}
Event: 7.919 GC heap before
{Heap before GC invocations=24 (full 0):
 garbage-first heap   total 158720K, used 127097K [0x0000000080000000, 0x0000000100000000)
  region size 1024K, 50 young (51200K), 7 survivors (7168K)
 Metaspace       used 95465K, committed 96192K, reserved 1138688K
  class space    used 13240K, committed 13568K, reserved 1048576K
}
Event: 7.926 GC heap after
{Heap after GC invocations=25 (full 0):
 garbage-first heap   total 158720K, used 89213K [0x0000000080000000, 0x0000000100000000)
  region size 1024K, 5 young (5120K), 5 survivors (5120K)
 Metaspace       used 95465K, committed 96192K, reserved 1138688K
  class space    used 13240K, committed 13568K, reserved 1048576K
}
Event: 8.117 GC heap before
{Heap before GC invocations=25 (full 0):
 garbage-first heap   total 158720K, used 128125K [0x0000000080000000, 0x0000000100000000)
  region size 1024K, 44 young (45056K), 5 survivors (5120K)
 Metaspace       used 95894K, committed 96576K, reserved 1138688K
  class space    used 13280K, committed 13568K, reserved 1048576K
}
Event: 8.121 GC heap after
{Heap after GC invocations=26 (full 0):
 garbage-first heap   total 158720K, used 92254K [0x0000000080000000, 0x0000000100000000)
  region size 1024K, 4 young (4096K), 4 survivors (4096K)
 Metaspace       used 95894K, committed 96576K, reserved 1138688K
  class space    used 13280K, committed 13568K, reserved 1048576K
}
Event: 8.278 GC heap before
{Heap before GC invocations=27 (full 0):
 garbage-first heap   total 178176K, used 129118K [0x0000000080000000, 0x0000000100000000)
  region size 1024K, 41 young (41984K), 4 survivors (4096K)
 Metaspace       used 96221K, committed 96960K, reserved 1138688K
  class space    used 13303K, committed 13632K, reserved 1048576K
}
Event: 8.283 GC heap after
{Heap after GC invocations=28 (full 0):
 garbage-first heap   total 178176K, used 94921K [0x0000000080000000, 0x0000000100000000)
  region size 1024K, 6 young (6144K), 6 survivors (6144K)
 Metaspace       used 96221K, committed 96960K, reserved 1138688K
  class space    used 13303K, committed 13632K, reserved 1048576K
}

