# JRE version: OpenJDK Runtime Environment (17.0.6) (build 17.0.6+0-b2043.56-10027231)
# Java VM: OpenJDK 64-Bit Server VM (17.0.6+0-b2043.56-10027231, mixed mode, tiered, compressed oops, compressed class ptrs, g1 gc, windows-amd64)
GC Precious Log:
 CPUs: 12 total, 12 available
 Memory: 7521M
 Large Page Support: Disabled
 NUMA Support: Disabled
 Compressed Oops: Enabled (32-bit)
 Heap Region Size: 1M
 Heap Min Capacity: 8M
 Heap Initial Capacity: 118M
 Heap Max Capacity: 2G
 Pre-touch: Disabled
 Parallel Workers: 10
 Concurrent Workers: 3
 Concurrent Refinement Workers: 10
 Periodic GC: Disabled
Heap:
 garbage-first heap   total 206848K, used 111253K [0x0000000080000000, 0x0000000100000000)
  region size 1024K, 42 young (43008K), 11 survivors (11264K)
 Metaspace       used 92416K, committed 93056K, reserved 1130496K
  class space    used 12668K, committed 12928K, reserved 1048576K
GC Heap History (20 events):
Event: 4.074 GC heap before
{Heap before GC invocations=13 (full 0):
 garbage-first heap   total 86016K, used 44906K [0x0000000080000000, 0x0000000100000000)
  region size 1024K, 10 young (10240K), 5 survivors (5120K)
 Metaspace       used 53477K, committed 53952K, reserved 1097728K
  class space    used 7162K, committed 7360K, reserved 1048576K
}
Event: 4.076 GC heap after
{Heap after GC invocations=14 (full 0):
 garbage-first heap   total 103424K, used 43629K [0x0000000080000000, 0x0000000100000000)
  region size 1024K, 5 young (5120K), 5 survivors (5120K)
 Metaspace       used 53477K, committed 53952K, reserved 1097728K
  class space    used 7162K, committed 7360K, reserved 1048576K
}
Event: 4.098 GC heap before
{Heap before GC invocations=14 (full 0):
 garbage-first heap   total 103424K, used 51821K [0x0000000080000000, 0x0000000100000000)
  region size 1024K, 10 young (10240K), 5 survivors (5120K)
 Metaspace       used 53489K, committed 53952K, reserved 1097728K
  class space    used 7162K, committed 7360K, reserved 1048576K
}
Event: 4.101 GC heap after
{Heap after GC invocations=15 (full 0):
 garbage-first heap   total 103424K, used 52034K [0x0000000080000000, 0x0000000100000000)
  region size 1024K, 5 young (5120K), 5 survivors (5120K)
 Metaspace       used 53489K, committed 53952K, reserved 1097728K
  class space    used 7162K, committed 7360K, reserved 1048576K
}
Event: 4.339 GC heap before
{Heap before GC invocations=16 (full 0):
 garbage-first heap   total 103424K, used 76610K [0x0000000080000000, 0x0000000100000000)
  region size 1024K, 28 young (28672K), 5 survivors (5120K)
 Metaspace       used 56379K, committed 56832K, reserved 1105920K
  class space    used 7571K, committed 7744K, reserved 1048576K
}
Event: 4.342 GC heap after
{Heap after GC invocations=17 (full 0):
 garbage-first heap   total 103424K, used 54169K [0x0000000080000000, 0x0000000100000000)
  region size 1024K, 3 young (3072K), 3 survivors (3072K)
 Metaspace       used 56379K, committed 56832K, reserved 1105920K
  class space    used 7571K, committed 7744K, reserved 1048576K
}
Event: 4.616 GC heap before
{Heap before GC invocations=17 (full 0):
 garbage-first heap   total 103424K, used 76697K [0x0000000080000000, 0x0000000100000000)
  region size 1024K, 25 young (25600K), 3 survivors (3072K)
 Metaspace       used 59851K, committed 60416K, reserved 1105920K
  class space    used 7968K, committed 8256K, reserved 1048576K
}
Event: 4.618 GC heap after
{Heap after GC invocations=18 (full 0):
 garbage-first heap   total 103424K, used 55047K [0x0000000080000000, 0x0000000100000000)
  region size 1024K, 1 young (1024K), 1 survivors (1024K)
 Metaspace       used 59851K, committed 60416K, reserved 1105920K
  class space    used 7968K, committed 8256K, reserved 1048576K
}
Event: 4.912 GC heap before
{Heap before GC invocations=19 (full 0):
 garbage-first heap   total 103424K, used 82695K [0x0000000080000000, 0x0000000100000000)
  region size 1024K, 24 young (24576K), 1 survivors (1024K)
 Metaspace       used 63970K, committed 64576K, reserved 1105920K
  class space    used 8531K, committed 8768K, reserved 1048576K
}
Event: 4.916 GC heap after
{Heap after GC invocations=20 (full 0):
 garbage-first heap   total 103424K, used 61431K [0x0000000080000000, 0x0000000100000000)
  region size 1024K, 3 young (3072K), 3 survivors (3072K)
 Metaspace       used 63970K, committed 64576K, reserved 1105920K
  class space    used 8531K, committed 8768K, reserved 1048576K
}
Event: 4.923 GC heap before
{Heap before GC invocations=20 (full 0):
 garbage-first heap   total 103424K, used 63479K [0x0000000080000000, 0x0000000100000000)
  region size 1024K, 5 young (5120K), 3 survivors (3072K)
 Metaspace       used 63970K, committed 64576K, reserved 1105920K
  class space    used 8531K, committed 8768K, reserved 1048576K
}
Event: 4.926 GC heap after
{Heap after GC invocations=21 (full 0):
 garbage-first heap   total 103424K, used 62528K [0x0000000080000000, 0x0000000100000000)
  region size 1024K, 1 young (1024K), 1 survivors (1024K)
 Metaspace       used 63970K, committed 64576K, reserved 1105920K
  class space    used 8531K, committed 8768K, reserved 1048576K
}
Event: 4.936 GC heap before
{Heap before GC invocations=21 (full 0):
 garbage-first heap   total 103424K, used 65600K [0x0000000080000000, 0x0000000100000000)
  region size 1024K, 5 young (5120K), 1 survivors (1024K)
 Metaspace       used 63976K, committed 64576K, reserved 1105920K
  class space    used 8531K, committed 8768K, reserved 1048576K
}
Event: 4.938 GC heap after
{Heap after GC invocations=22 (full 0):
 garbage-first heap   total 206848K, used 63114K [0x0000000080000000, 0x0000000100000000)
  region size 1024K, 2 young (2048K), 2 survivors (2048K)
 Metaspace       used 63976K, committed 64576K, reserved 1105920K
  class space    used 8531K, committed 8768K, reserved 1048576K
}
Event: 5.692 GC heap before
{Heap before GC invocations=22 (full 0):
 garbage-first heap   total 206848K, used 146058K [0x0000000080000000, 0x0000000100000000)
  region size 1024K, 81 young (82944K), 2 survivors (2048K)
 Metaspace       used 72668K, committed 73216K, reserved 1114112K
  class space    used 9710K, committed 9984K, reserved 1048576K
}
Event: 5.697 GC heap after
{Heap after GC invocations=23 (full 0):
 garbage-first heap   total 206848K, used 69254K [0x0000000080000000, 0x0000000100000000)
  region size 1024K, 7 young (7168K), 7 survivors (7168K)
 Metaspace       used 72668K, committed 73216K, reserved 1114112K
  class space    used 9710K, committed 9984K, reserved 1048576K
}
Event: 6.470 GC heap before
{Heap before GC invocations=23 (full 0):
 garbage-first heap   total 206848K, used 152198K [0x0000000080000000, 0x0000000100000000)
  region size 1024K, 88 young (90112K), 7 survivors (7168K)
 Metaspace       used 80203K, committed 80832K, reserved 1122304K
  class space    used 10894K, committed 11200K, reserved 1048576K
}
Event: 6.478 GC heap after
{Heap after GC invocations=24 (full 0):
 garbage-first heap   total 206848K, used 74704K [0x0000000080000000, 0x0000000100000000)
  region size 1024K, 6 young (6144K), 6 survivors (6144K)
 Metaspace       used 80203K, committed 80832K, reserved 1122304K
  class space    used 10894K, committed 11200K, reserved 1048576K
}
Event: 7.317 GC heap before
{Heap before GC invocations=24 (full 0):
 garbage-first heap   total 206848K, used 157648K [0x0000000080000000, 0x0000000100000000)
  region size 1024K, 87 young (89088K), 6 survivors (6144K)
 Metaspace       used 88906K, committed 89536K, reserved 1130496K
  class space    used 12237K, committed 12544K, reserved 1048576K
}
Event: 7.323 GC heap after
{Heap after GC invocations=25 (full 0):
 garbage-first heap   total 206848K, used 80533K [0x0000000080000000, 0x0000000100000000)
  region size 1024K, 11 young (11264K), 11 survivors (11264K)
 Metaspace       used 88906K, committed 89536K, reserved 1130496K
  class space    used 12237K, committed 12544K, reserved 1048576K
}

