# JRE version: OpenJDK Runtime Environment (17.0.6) (build 17.0.6+0-b2043.56-10027231)
# Java VM: OpenJDK 64-Bit Server VM (17.0.6+0-b2043.56-10027231, mixed mode, tiered, compressed oops, compressed class ptrs, g1 gc, windows-amd64)
GC Precious Log:
 CPUs: 12 total, 12 available
 Memory: 7521M
 Large Page Support: Disabled
 NUMA Support: Disabled
 Compressed Oops: Enabled (32-bit)
 Heap Region Size: 1M
 Heap Min Capacity: 8M
 Heap Initial Capacity: 118M
 Heap Max Capacity: 2G
 Pre-touch: Disabled
 Parallel Workers: 10
 Concurrent Workers: 3
 Concurrent Refinement Workers: 10
 Periodic GC: Disabled
Heap:
 garbage-first heap   total 186368K, used 116273K [0x0000000080000000, 0x0000000100000000)
  region size 1024K, 20 young (20480K), 3 survivors (3072K)
 Metaspace       used 101321K, committed 102080K, reserved 1138688K
  class space    used 14015K, committed 14400K, reserved 1048576K
GC Heap History (20 events):
Event: 7.628 GC heap before
{Heap before GC invocations=25 (full 0):
 garbage-first heap   total 131072K, used 107527K [0x0000000080000000, 0x0000000100000000)
  region size 1024K, 40 young (40960K), 6 survivors (6144K)
 Metaspace       used 90956K, committed 91584K, reserved 1130496K
  class space    used 12470K, committed 12736K, reserved 1048576K
}
Event: 7.633 GC heap after
{Heap after GC invocations=26 (full 0):
 garbage-first heap   total 131072K, used 75112K [0x0000000080000000, 0x0000000100000000)
  region size 1024K, 3 young (3072K), 3 survivors (3072K)
 Metaspace       used 90956K, committed 91584K, reserved 1130496K
  class space    used 12470K, committed 12736K, reserved 1048576K
}
Event: 7.924 GC heap before
{Heap before GC invocations=26 (full 0):
 garbage-first heap   total 131072K, used 108904K [0x0000000080000000, 0x0000000100000000)
  region size 1024K, 36 young (36864K), 3 survivors (3072K)
 Metaspace       used 93095K, committed 93760K, reserved 1130496K
  class space    used 12770K, committed 13056K, reserved 1048576K
}
Event: 7.930 GC heap after
{Heap after GC invocations=27 (full 0):
 garbage-first heap   total 131072K, used 78150K [0x0000000080000000, 0x0000000100000000)
  region size 1024K, 5 young (5120K), 5 survivors (5120K)
 Metaspace       used 93095K, committed 93760K, reserved 1130496K
  class space    used 12770K, committed 13056K, reserved 1048576K
}
Event: 8.126 GC heap before
{Heap before GC invocations=28 (full 0):
 garbage-first heap   total 140288K, used 108870K [0x0000000080000000, 0x0000000100000000)
  region size 1024K, 35 young (35840K), 5 survivors (5120K)
 Metaspace       used 93414K, committed 94080K, reserved 1130496K
  class space    used 12802K, committed 13120K, reserved 1048576K
}
Event: 8.132 GC heap after
{Heap after GC invocations=29 (full 0):
 garbage-first heap   total 140288K, used 83211K [0x0000000080000000, 0x0000000100000000)
  region size 1024K, 5 young (5120K), 5 survivors (5120K)
 Metaspace       used 93414K, committed 94080K, reserved 1130496K
  class space    used 12802K, committed 13120K, reserved 1048576K
}
Event: 8.413 GC heap before
{Heap before GC invocations=29 (full 0):
 garbage-first heap   total 140288K, used 113931K [0x0000000080000000, 0x0000000100000000)
  region size 1024K, 36 young (36864K), 5 survivors (5120K)
 Metaspace       used 94708K, committed 95424K, reserved 1138688K
  class space    used 13040K, committed 13376K, reserved 1048576K
}
Event: 8.420 GC heap after
{Heap after GC invocations=30 (full 0):
 garbage-first heap   total 168960K, used 88223K [0x0000000080000000, 0x0000000100000000)
  region size 1024K, 5 young (5120K), 5 survivors (5120K)
 Metaspace       used 94708K, committed 95424K, reserved 1138688K
  class space    used 13040K, committed 13376K, reserved 1048576K
}
Event: 8.656 GC heap before
{Heap before GC invocations=31 (full 0):
 garbage-first heap   total 168960K, used 134303K [0x0000000080000000, 0x0000000100000000)
  region size 1024K, 51 young (52224K), 5 survivors (5120K)
 Metaspace       used 95698K, committed 96384K, reserved 1138688K
  class space    used 13269K, committed 13568K, reserved 1048576K
}
Event: 8.661 GC heap after
{Heap after GC invocations=32 (full 0):
 garbage-first heap   total 168960K, used 91494K [0x0000000080000000, 0x0000000100000000)
  region size 1024K, 4 young (4096K), 4 survivors (4096K)
 Metaspace       used 95698K, committed 96384K, reserved 1138688K
  class space    used 13269K, committed 13568K, reserved 1048576K
}
Event: 8.671 GC heap before
{Heap before GC invocations=32 (full 0):
 garbage-first heap   total 168960K, used 94566K [0x0000000080000000, 0x0000000100000000)
  region size 1024K, 8 young (8192K), 4 survivors (4096K)
 Metaspace       used 95720K, committed 96448K, reserved 1138688K
  class space    used 13269K, committed 13568K, reserved 1048576K
}
Event: 8.675 GC heap after
{Heap after GC invocations=33 (full 0):
 garbage-first heap   total 168960K, used 91841K [0x0000000080000000, 0x0000000100000000)
  region size 1024K, 1 young (1024K), 1 survivors (1024K)
 Metaspace       used 95720K, committed 96448K, reserved 1138688K
  class space    used 13269K, committed 13568K, reserved 1048576K
}
Event: 8.898 GC heap before
{Heap before GC invocations=33 (full 0):
 garbage-first heap   total 168960K, used 135873K [0x0000000080000000, 0x0000000100000000)
  region size 1024K, 45 young (46080K), 1 survivors (1024K)
 Metaspace       used 96219K, committed 96896K, reserved 1138688K
  class space    used 13316K, committed 13632K, reserved 1048576K
}
Event: 8.902 GC heap after
{Heap after GC invocations=34 (full 0):
 garbage-first heap   total 168960K, used 94592K [0x0000000080000000, 0x0000000100000000)
  region size 1024K, 4 young (4096K), 4 survivors (4096K)
 Metaspace       used 96219K, committed 96896K, reserved 1138688K
  class space    used 13316K, committed 13632K, reserved 1048576K
}
Event: 9.426 GC heap before
{Heap before GC invocations=35 (full 0):
 garbage-first heap   total 168960K, used 137600K [0x0000000080000000, 0x0000000100000000)
  region size 1024K, 47 young (48128K), 4 survivors (4096K)
 Metaspace       used 98606K, committed 99328K, reserved 1138688K
  class space    used 13616K, committed 13952K, reserved 1048576K
}
Event: 9.431 GC heap after
{Heap after GC invocations=36 (full 0):
 garbage-first heap   total 168960K, used 98488K [0x0000000080000000, 0x0000000100000000)
  region size 1024K, 4 young (4096K), 4 survivors (4096K)
 Metaspace       used 98606K, committed 99328K, reserved 1138688K
  class space    used 13616K, committed 13952K, reserved 1048576K
}
Event: 9.486 GC heap before
{Heap before GC invocations=36 (full 0):
 garbage-first heap   total 168960K, used 101560K [0x0000000080000000, 0x0000000100000000)
  region size 1024K, 8 young (8192K), 4 survivors (4096K)
 Metaspace       used 98995K, committed 99648K, reserved 1138688K
  class space    used 13664K, committed 13952K, reserved 1048576K
}
Event: 9.490 GC heap after
{Heap after GC invocations=37 (full 0):
 garbage-first heap   total 168960K, used 98971K [0x0000000080000000, 0x0000000100000000)
  region size 1024K, 1 young (1024K), 1 survivors (1024K)
 Metaspace       used 98995K, committed 99648K, reserved 1138688K
  class space    used 13664K, committed 13952K, reserved 1048576K
}
Event: 9.624 GC heap before
{Heap before GC invocations=37 (full 0):
 garbage-first heap   total 168960K, used 138907K [0x0000000080000000, 0x0000000100000000)
  region size 1024K, 41 young (41984K), 1 survivors (1024K)
 Metaspace       used 100177K, committed 100928K, reserved 1138688K
  class space    used 13819K, committed 14144K, reserved 1048576K
}
Event: 9.629 GC heap after
{Heap after GC invocations=38 (full 0):
 garbage-first heap   total 168960K, used 100913K [0x0000000080000000, 0x0000000100000000)
  region size 1024K, 3 young (3072K), 3 survivors (3072K)
 Metaspace       used 100177K, committed 100928K, reserved 1138688K
  class space    used 13819K, committed 14144K, reserved 1048576K
}

