# JRE version: OpenJDK Runtime Environment (17.0.6) (build 17.0.6+0-b2043.56-10027231)
# Java VM: OpenJDK 64-Bit Server VM (17.0.6+0-b2043.56-10027231, mixed mode, tiered, compressed oops, compressed class ptrs, g1 gc, windows-amd64)
GC Precious Log:
 CPUs: 12 total, 12 available
 Memory: 7521M
 Large Page Support: Disabled
 NUMA Support: Disabled
 Compressed Oops: Enabled (32-bit)
 Heap Region Size: 1M
 Heap Min Capacity: 8M
 Heap Initial Capacity: 118M
 Heap Max Capacity: 2G
 Pre-touch: Disabled
 Parallel Workers: 10
 Concurrent Workers: 3
 Concurrent Refinement Workers: 10
 Periodic GC: Disabled
Heap:
 garbage-first heap   total 112640K, used 59587K [0x0000000080000000, 0x0000000100000000)
  region size 1024K, 4 young (4096K), 4 survivors (4096K)
 Metaspace       used 68465K, committed 68992K, reserved 1114112K
  class space    used 9123K, committed 9408K, reserved 1048576K
GC Heap History (20 events):
Event: 12.266 GC heap after
{Heap after GC invocations=11 (full 0):
 garbage-first heap   total 68608K, used 27478K [0x0000000080000000, 0x0000000100000000)
  region size 1024K, 4 young (4096K), 4 survivors (4096K)
 Metaspace       used 40363K, committed 40704K, reserved 1089536K
  class space    used 5358K, committed 5504K, reserved 1048576K
}
Event: 12.557 GC heap before
{Heap before GC invocations=11 (full 0):
 garbage-first heap   total 68608K, used 52054K [0x0000000080000000, 0x0000000100000000)
  region size 1024K, 26 young (26624K), 4 survivors (4096K)
 Metaspace       used 42742K, committed 43136K, reserved 1089536K
  class space    used 5611K, committed 5760K, reserved 1048576K
}
Event: 12.561 GC heap after
{Heap after GC invocations=12 (full 0):
 garbage-first heap   total 99328K, used 28703K [0x0000000080000000, 0x0000000100000000)
  region size 1024K, 3 young (3072K), 3 survivors (3072K)
 Metaspace       used 42742K, committed 43136K, reserved 1089536K
  class space    used 5611K, committed 5760K, reserved 1048576K
}
Event: 13.050 GC heap before
{Heap before GC invocations=12 (full 0):
 garbage-first heap   total 99328K, used 70687K [0x0000000080000000, 0x0000000100000000)
  region size 1024K, 44 young (45056K), 3 survivors (3072K)
 Metaspace       used 47366K, committed 47808K, reserved 1097728K
  class space    used 6262K, committed 6464K, reserved 1048576K
}
Event: 13.052 GC heap after
{Heap after GC invocations=13 (full 0):
 garbage-first heap   total 99328K, used 31000K [0x0000000080000000, 0x0000000100000000)
  region size 1024K, 5 young (5120K), 5 survivors (5120K)
 Metaspace       used 47366K, committed 47808K, reserved 1097728K
  class space    used 6262K, committed 6464K, reserved 1048576K
}
Event: 13.663 GC heap before
{Heap before GC invocations=13 (full 0):
 garbage-first heap   total 99328K, used 74008K [0x0000000080000000, 0x0000000100000000)
  region size 1024K, 47 young (48128K), 5 survivors (5120K)
 Metaspace       used 52517K, committed 52992K, reserved 1097728K
  class space    used 7038K, committed 7232K, reserved 1048576K
}
Event: 13.668 GC heap after
{Heap after GC invocations=14 (full 0):
 garbage-first heap   total 99328K, used 34369K [0x0000000080000000, 0x0000000100000000)
  region size 1024K, 6 young (6144K), 6 survivors (6144K)
 Metaspace       used 52517K, committed 52992K, reserved 1097728K
  class space    used 7038K, committed 7232K, reserved 1048576K
}
Event: 13.977 GC heap before
{Heap before GC invocations=14 (full 0):
 garbage-first heap   total 99328K, used 84545K [0x0000000080000000, 0x0000000100000000)
  region size 1024K, 46 young (47104K), 6 survivors (6144K)
 Metaspace       used 53480K, committed 53952K, reserved 1097728K
  class space    used 7150K, committed 7360K, reserved 1048576K
}
Event: 13.981 GC heap after
{Heap after GC invocations=15 (full 0):
 garbage-first heap   total 99328K, used 49787K [0x0000000080000000, 0x0000000100000000)
  region size 1024K, 6 young (6144K), 6 survivors (6144K)
 Metaspace       used 53480K, committed 53952K, reserved 1097728K
  class space    used 7150K, committed 7360K, reserved 1048576K
}
Event: 14.240 GC heap before
{Heap before GC invocations=15 (full 0):
 garbage-first heap   total 99328K, used 75387K [0x0000000080000000, 0x0000000100000000)
  region size 1024K, 31 young (31744K), 6 survivors (6144K)
 Metaspace       used 56870K, committed 57344K, reserved 1105920K
  class space    used 7619K, committed 7808K, reserved 1048576K
}
Event: 14.243 GC heap after
{Heap after GC invocations=16 (full 0):
 garbage-first heap   total 99328K, used 52122K [0x0000000080000000, 0x0000000100000000)
  region size 1024K, 2 young (2048K), 2 survivors (2048K)
 Metaspace       used 56870K, committed 57344K, reserved 1105920K
  class space    used 7619K, committed 7808K, reserved 1048576K
}
Event: 14.430 GC heap before
{Heap before GC invocations=16 (full 0):
 garbage-first heap   total 99328K, used 67482K [0x0000000080000000, 0x0000000100000000)
  region size 1024K, 18 young (18432K), 2 survivors (2048K)
 Metaspace       used 59667K, committed 60160K, reserved 1105920K
  class space    used 7924K, committed 8192K, reserved 1048576K
}
Event: 14.432 GC heap after
{Heap after GC invocations=17 (full 0):
 garbage-first heap   total 99328K, used 52423K [0x0000000080000000, 0x0000000100000000)
  region size 1024K, 3 young (3072K), 3 survivors (3072K)
 Metaspace       used 59667K, committed 60160K, reserved 1105920K
  class space    used 7924K, committed 8192K, reserved 1048576K
}
Event: 14.745 GC heap before
{Heap before GC invocations=18 (full 0):
 garbage-first heap   total 99328K, used 74951K [0x0000000080000000, 0x0000000100000000)
  region size 1024K, 26 young (26624K), 3 survivors (3072K)
 Metaspace       used 63958K, committed 64576K, reserved 1105920K
  class space    used 8512K, committed 8768K, reserved 1048576K
}
Event: 14.748 GC heap after
{Heap after GC invocations=19 (full 0):
 garbage-first heap   total 99328K, used 54668K [0x0000000080000000, 0x0000000100000000)
  region size 1024K, 3 young (3072K), 3 survivors (3072K)
 Metaspace       used 63958K, committed 64576K, reserved 1105920K
  class space    used 8512K, committed 8768K, reserved 1048576K
}
Event: 14.776 GC heap before
{Heap before GC invocations=20 (full 0):
 garbage-first heap   total 112640K, used 66956K [0x0000000080000000, 0x0000000100000000)
  region size 1024K, 12 young (12288K), 3 survivors (3072K)
 Metaspace       used 63962K, committed 64576K, reserved 1105920K
  class space    used 8512K, committed 8768K, reserved 1048576K
}
Event: 14.779 GC heap after
{Heap after GC invocations=21 (full 0):
 garbage-first heap   total 112640K, used 60643K [0x0000000080000000, 0x0000000100000000)
  region size 1024K, 4 young (4096K), 4 survivors (4096K)
 Metaspace       used 63962K, committed 64576K, reserved 1105920K
  class space    used 8512K, committed 8768K, reserved 1048576K
}
Event: 15.021 GC heap before
{Heap before GC invocations=22 (full 0):
 garbage-first heap   total 112640K, used 85219K [0x0000000080000000, 0x0000000100000000)
  region size 1024K, 26 young (26624K), 4 survivors (4096K)
 Metaspace       used 66003K, committed 66560K, reserved 1114112K
  class space    used 8785K, committed 9024K, reserved 1048576K
}
Event: 15.023 GC heap after
{Heap after GC invocations=23 (full 0):
 garbage-first heap   total 112640K, used 57794K [0x0000000080000000, 0x0000000100000000)
  region size 1024K, 2 young (2048K), 2 survivors (2048K)
 Metaspace       used 66003K, committed 66560K, reserved 1114112K
  class space    used 8785K, committed 9024K, reserved 1048576K
}
Event: 15.268 GC heap before
{Heap before GC invocations=23 (full 0):
 garbage-first heap   total 112640K, used 83394K [0x0000000080000000, 0x0000000100000000)
  region size 1024K, 27 young (27648K), 2 survivors (2048K)
 Metaspace       used 68465K, committed 68992K, reserved 1114112K
  class space    used 9123K, committed 9408K, reserved 1048576K
}

