# JRE version: OpenJDK Runtime Environment (17.0.6) (build 17.0.6+0-b2043.56-10027231)
# Java VM: OpenJDK 64-Bit Server VM (17.0.6+0-b2043.56-10027231, mixed mode, tiered, compressed oops, compressed class ptrs, g1 gc, windows-amd64)
GC Precious Log:
 CPUs: 12 total, 12 available
 Memory: 7521M
 Large Page Support: Disabled
 NUMA Support: Disabled
 Compressed Oops: Enabled (32-bit)
 Heap Region Size: 1M
 Heap Min Capacity: 8M
 Heap Initial Capacity: 118M
 Heap Max Capacity: 2G
 Pre-touch: Disabled
 Parallel Workers: 10
 Concurrent Workers: 3
 Concurrent Refinement Workers: 10
 Periodic GC: Disabled
Heap:
 garbage-first heap   total 171008K, used 95380K [0x0000000080000000, 0x0000000100000000)
  region size 1024K, 4 young (4096K), 4 survivors (4096K)
 Metaspace       used 97052K, committed 97728K, reserved 1138688K
  class space    used 13466K, committed 13760K, reserved 1048576K
GC Heap History (20 events):
Event: 5.895 GC heap after
{Heap after GC invocations=19 (full 0):
 garbage-first heap   total 132096K, used 67985K [0x0000000080000000, 0x0000000100000000)
  region size 1024K, 4 young (4096K), 4 survivors (4096K)
 Metaspace       used 77684K, committed 78336K, reserved 1122304K
  class space    used 10406K, committed 10688K, reserved 1048576K
}
Event: 6.284 GC heap before
{Heap before GC invocations=20 (full 0):
 garbage-first heap   total 132096K, used 106897K [0x0000000080000000, 0x0000000100000000)
  region size 1024K, 41 young (41984K), 4 survivors (4096K)
 Metaspace       used 82112K, committed 82624K, reserved 1122304K
  class space    used 11210K, committed 11456K, reserved 1048576K
}
Event: 6.288 GC heap after
{Heap after GC invocations=21 (full 0):
 garbage-first heap   total 132096K, used 69442K [0x0000000080000000, 0x0000000100000000)
  region size 1024K, 5 young (5120K), 5 survivors (5120K)
 Metaspace       used 82112K, committed 82624K, reserved 1122304K
  class space    used 11210K, committed 11456K, reserved 1048576K
}
Event: 6.678 GC heap before
{Heap before GC invocations=21 (full 0):
 garbage-first heap   total 132096K, used 107330K [0x0000000080000000, 0x0000000100000000)
  region size 1024K, 42 young (43008K), 5 survivors (5120K)
 Metaspace       used 85801K, committed 86400K, reserved 1130496K
  class space    used 11749K, committed 12032K, reserved 1048576K
}
Event: 6.683 GC heap after
{Heap after GC invocations=22 (full 0):
 garbage-first heap   total 132096K, used 72982K [0x0000000080000000, 0x0000000100000000)
  region size 1024K, 6 young (6144K), 6 survivors (6144K)
 Metaspace       used 85801K, committed 86400K, reserved 1130496K
  class space    used 11749K, committed 12032K, reserved 1048576K
}
Event: 7.060 GC heap before
{Heap before GC invocations=23 (full 0):
 garbage-first heap   total 132096K, used 108822K [0x0000000080000000, 0x0000000100000000)
  region size 1024K, 41 young (41984K), 6 survivors (6144K)
 Metaspace       used 90696K, committed 91328K, reserved 1130496K
  class space    used 12462K, committed 12736K, reserved 1048576K
}
Event: 7.065 GC heap after
{Heap after GC invocations=24 (full 0):
 garbage-first heap   total 132096K, used 75320K [0x0000000080000000, 0x0000000100000000)
  region size 1024K, 3 young (3072K), 3 survivors (3072K)
 Metaspace       used 90696K, committed 91328K, reserved 1130496K
  class space    used 12462K, committed 12736K, reserved 1048576K
}
Event: 7.339 GC heap before
{Heap before GC invocations=24 (full 0):
 garbage-first heap   total 132096K, used 109112K [0x0000000080000000, 0x0000000100000000)
  region size 1024K, 36 young (36864K), 3 survivors (3072K)
 Metaspace       used 93052K, committed 93696K, reserved 1130496K
  class space    used 12782K, committed 13056K, reserved 1048576K
}
Event: 7.344 GC heap after
{Heap after GC invocations=25 (full 0):
 garbage-first heap   total 158720K, used 78281K [0x0000000080000000, 0x0000000100000000)
  region size 1024K, 5 young (5120K), 5 survivors (5120K)
 Metaspace       used 93052K, committed 93696K, reserved 1130496K
  class space    used 12782K, committed 13056K, reserved 1048576K
}
Event: 7.624 GC heap before
{Heap before GC invocations=26 (full 0):
 garbage-first heap   total 158720K, used 129481K [0x0000000080000000, 0x0000000100000000)
  region size 1024K, 55 young (56320K), 5 survivors (5120K)
 Metaspace       used 93627K, committed 94272K, reserved 1130496K
  class space    used 12852K, committed 13120K, reserved 1048576K
}
Event: 7.633 GC heap after
{Heap after GC invocations=27 (full 0):
 garbage-first heap   total 158720K, used 85719K [0x0000000080000000, 0x0000000100000000)
  region size 1024K, 7 young (7168K), 7 survivors (7168K)
 Metaspace       used 93627K, committed 94272K, reserved 1130496K
  class space    used 12852K, committed 13120K, reserved 1048576K
}
Event: 7.649 GC heap before
{Heap before GC invocations=27 (full 0):
 garbage-first heap   total 158720K, used 86743K [0x0000000080000000, 0x0000000100000000)
  region size 1024K, 8 young (8192K), 7 survivors (7168K)
 Metaspace       used 93818K, committed 94464K, reserved 1130496K
  class space    used 12893K, committed 13184K, reserved 1048576K
}
Event: 7.653 GC heap after
{Heap after GC invocations=28 (full 0):
 garbage-first heap   total 158720K, used 86617K [0x0000000080000000, 0x0000000100000000)
  region size 1024K, 1 young (1024K), 1 survivors (1024K)
 Metaspace       used 93818K, committed 94464K, reserved 1130496K
  class space    used 12893K, committed 13184K, reserved 1048576K
}
Event: 7.899 GC heap before
{Heap before GC invocations=28 (full 0):
 garbage-first heap   total 158720K, used 127577K [0x0000000080000000, 0x0000000100000000)
  region size 1024K, 42 young (43008K), 1 survivors (1024K)
 Metaspace       used 95574K, committed 96192K, reserved 1138688K
  class space    used 13275K, committed 13568K, reserved 1048576K
}
Event: 7.903 GC heap after
{Heap after GC invocations=29 (full 0):
 garbage-first heap   total 158720K, used 89204K [0x0000000080000000, 0x0000000100000000)
  region size 1024K, 4 young (4096K), 4 survivors (4096K)
 Metaspace       used 95574K, committed 96192K, reserved 1138688K
  class space    used 13275K, committed 13568K, reserved 1048576K
}
Event: 8.120 GC heap before
{Heap before GC invocations=30 (full 0):
 garbage-first heap   total 171008K, used 128116K [0x0000000080000000, 0x0000000100000000)
  region size 1024K, 43 young (44032K), 4 survivors (4096K)
 Metaspace       used 95977K, committed 96640K, reserved 1138688K
  class space    used 13314K, committed 13632K, reserved 1048576K
}
Event: 8.124 GC heap after
{Heap after GC invocations=31 (full 0):
 garbage-first heap   total 171008K, used 92102K [0x0000000080000000, 0x0000000100000000)
  region size 1024K, 3 young (3072K), 3 survivors (3072K)
 Metaspace       used 95977K, committed 96640K, reserved 1138688K
  class space    used 13314K, committed 13632K, reserved 1048576K
}
Event: 8.160 GC heap before
{Heap before GC invocations=31 (full 0):
 garbage-first heap   total 171008K, used 96198K [0x0000000080000000, 0x0000000100000000)
  region size 1024K, 8 young (8192K), 3 survivors (3072K)
 Metaspace       used 96013K, committed 96704K, reserved 1138688K
  class space    used 13316K, committed 13632K, reserved 1048576K
}
Event: 8.163 GC heap after
{Heap after GC invocations=32 (full 0):
 garbage-first heap   total 171008K, used 92768K [0x0000000080000000, 0x0000000100000000)
  region size 1024K, 1 young (1024K), 1 survivors (1024K)
 Metaspace       used 96013K, committed 96704K, reserved 1138688K
  class space    used 13316K, committed 13632K, reserved 1048576K
}
Event: 9.302 GC heap before
{Heap before GC invocations=32 (full 0):
 garbage-first heap   total 171008K, used 139872K [0x0000000080000000, 0x0000000100000000)
  region size 1024K, 48 young (49152K), 1 survivors (1024K)
 Metaspace       used 97052K, committed 97728K, reserved 1138688K
  class space    used 13466K, committed 13760K, reserved 1048576K
}

