# JRE version: OpenJDK Runtime Environment (17.0.6) (build 17.0.6+0-b2043.56-10027231)
# Java VM: OpenJDK 64-Bit Server VM (17.0.6+0-b2043.56-10027231, mixed mode, tiered, compressed oops, compressed class ptrs, g1 gc, windows-amd64)
GC Precious Log:
 CPUs: 12 total, 12 available
 Memory: 7521M
 Large Page Support: Disabled
 NUMA Support: Disabled
 Compressed Oops: Enabled (32-bit)
 Heap Region Size: 1M
 Heap Min Capacity: 8M
 Heap Initial Capacity: 118M
 Heap Max Capacity: 1882M
 Pre-touch: Disabled
 Parallel Workers: 10
 Concurrent Workers: 3
 Concurrent Refinement Workers: 10
 Periodic GC: Disabled
Heap:
 garbage-first heap   total 82944K, used 31256K [0x000000008a600000, 0x0000000100000000)
  region size 1024K, 3 young (3072K), 3 survivors (3072K)
 Metaspace       used 48067K, committed 48256K, reserved 1097728K
  class space    used 5881K, committed 5952K, reserved 1048576K
GC Heap History (20 events):
Event: 0.538 GC heap after
{Heap after GC invocations=1 (full 0):
 garbage-first heap   total 120832K, used 7104K [0x000000008a600000, 0x0000000100000000)
  region size 1024K, 3 young (3072K), 3 survivors (3072K)
 Metaspace       used 13354K, committed 13440K, reserved 1064960K
  class space    used 1292K, committed 1344K, reserved 1048576K
}
Event: 0.941 GC heap before
{Heap before GC invocations=1 (full 0):
 garbage-first heap   total 120832K, used 38848K [0x000000008a600000, 0x0000000100000000)
  region size 1024K, 35 young (35840K), 3 survivors (3072K)
 Metaspace       used 21337K, committed 21504K, reserved 1073152K
  class space    used 2325K, committed 2432K, reserved 1048576K
}
Event: 0.950 GC heap after
{Heap after GC invocations=2 (full 0):
 garbage-first heap   total 120832K, used 10390K [0x000000008a600000, 0x0000000100000000)
  region size 1024K, 4 young (4096K), 4 survivors (4096K)
 Metaspace       used 21337K, committed 21504K, reserved 1073152K
  class space    used 2325K, committed 2432K, reserved 1048576K
}
Event: 1.264 GC heap before
{Heap before GC invocations=3 (full 0):
 garbage-first heap   total 40960K, used 31894K [0x000000008a600000, 0x0000000100000000)
  region size 1024K, 26 young (26624K), 4 survivors (4096K)
 Metaspace       used 28614K, committed 28864K, reserved 1081344K
  class space    used 3546K, committed 3648K, reserved 1048576K
}
Event: 1.271 GC heap after
{Heap after GC invocations=4 (full 0):
 garbage-first heap   total 40960K, used 11713K [0x000000008a600000, 0x0000000100000000)
  region size 1024K, 2 young (2048K), 2 survivors (2048K)
 Metaspace       used 28614K, committed 28864K, reserved 1081344K
  class space    used 3546K, committed 3648K, reserved 1048576K
}
Event: 1.281 GC heap before
{Heap before GC invocations=4 (full 0):
 garbage-first heap   total 40960K, used 12737K [0x000000008a600000, 0x0000000100000000)
  region size 1024K, 3 young (3072K), 2 survivors (2048K)
 Metaspace       used 28747K, committed 29056K, reserved 1081344K
  class space    used 3546K, committed 3648K, reserved 1048576K
}
Event: 1.283 GC heap after
{Heap after GC invocations=5 (full 0):
 garbage-first heap   total 40960K, used 12028K [0x000000008a600000, 0x0000000100000000)
  region size 1024K, 1 young (1024K), 1 survivors (1024K)
 Metaspace       used 28747K, committed 29056K, reserved 1081344K
  class space    used 3546K, committed 3648K, reserved 1048576K
}
Event: 1.471 GC heap before
{Heap before GC invocations=5 (full 0):
 garbage-first heap   total 40960K, used 32508K [0x000000008a600000, 0x0000000100000000)
  region size 1024K, 19 young (19456K), 1 survivors (1024K)
 Metaspace       used 31167K, committed 31296K, reserved 1081344K
  class space    used 4040K, committed 4096K, reserved 1048576K
}
Event: 1.478 GC heap after
{Heap after GC invocations=6 (full 0):
 garbage-first heap   total 40960K, used 17995K [0x000000008a600000, 0x0000000100000000)
  region size 1024K, 3 young (3072K), 3 survivors (3072K)
 Metaspace       used 31167K, committed 31296K, reserved 1081344K
  class space    used 4040K, committed 4096K, reserved 1048576K
}
Event: 1.619 GC heap before
{Heap before GC invocations=6 (full 0):
 garbage-first heap   total 40960K, used 31307K [0x000000008a600000, 0x0000000100000000)
  region size 1024K, 16 young (16384K), 3 survivors (3072K)
 Metaspace       used 34294K, committed 34496K, reserved 1081344K
  class space    used 4376K, committed 4480K, reserved 1048576K
}
Event: 1.623 GC heap after
{Heap after GC invocations=7 (full 0):
 garbage-first heap   total 40960K, used 17765K [0x000000008a600000, 0x0000000100000000)
  region size 1024K, 2 young (2048K), 2 survivors (2048K)
 Metaspace       used 34294K, committed 34496K, reserved 1081344K
  class space    used 4376K, committed 4480K, reserved 1048576K
}
Event: 1.690 GC heap before
{Heap before GC invocations=7 (full 0):
 garbage-first heap   total 40960K, used 23909K [0x000000008a600000, 0x0000000100000000)
  region size 1024K, 9 young (9216K), 2 survivors (2048K)
 Metaspace       used 35759K, committed 35968K, reserved 1081344K
  class space    used 4529K, committed 4672K, reserved 1048576K
}
Event: 1.692 GC heap after
{Heap after GC invocations=8 (full 0):
 garbage-first heap   total 71680K, used 18499K [0x000000008a600000, 0x0000000100000000)
  region size 1024K, 1 young (1024K), 1 survivors (1024K)
 Metaspace       used 35759K, committed 35968K, reserved 1081344K
  class space    used 4529K, committed 4672K, reserved 1048576K
}
Event: 2.041 GC heap before
{Heap before GC invocations=9 (full 0):
 garbage-first heap   total 68608K, used 52291K [0x000000008a600000, 0x0000000100000000)
  region size 1024K, 34 young (34816K), 1 survivors (1024K)
 Metaspace       used 43336K, committed 43520K, reserved 1089536K
  class space    used 5335K, committed 5440K, reserved 1048576K
}
Event: 2.045 GC heap after
{Heap after GC invocations=10 (full 0):
 garbage-first heap   total 68608K, used 21002K [0x000000008a600000, 0x0000000100000000)
  region size 1024K, 4 young (4096K), 4 survivors (4096K)
 Metaspace       used 43336K, committed 43520K, reserved 1089536K
  class space    used 5335K, committed 5440K, reserved 1048576K
}
Event: 2.063 GC heap before
{Heap before GC invocations=10 (full 0):
 garbage-first heap   total 68608K, used 22026K [0x000000008a600000, 0x0000000100000000)
  region size 1024K, 5 young (5120K), 4 survivors (4096K)
 Metaspace       used 43653K, committed 43904K, reserved 1089536K
  class space    used 5388K, committed 5504K, reserved 1048576K
}
Event: 2.066 GC heap after
{Heap after GC invocations=11 (full 0):
 garbage-first heap   total 68608K, used 20403K [0x000000008a600000, 0x0000000100000000)
  region size 1024K, 1 young (1024K), 1 survivors (1024K)
 Metaspace       used 43653K, committed 43904K, reserved 1089536K
  class space    used 5388K, committed 5504K, reserved 1048576K
}
Event: 2.333 GC heap before
{Heap before GC invocations=11 (full 0):
 garbage-first heap   total 68608K, used 53171K [0x000000008a600000, 0x0000000100000000)
  region size 1024K, 30 young (30720K), 1 survivors (1024K)
 Metaspace       used 46438K, committed 46656K, reserved 1097728K
  class space    used 5694K, committed 5824K, reserved 1048576K
}
Event: 2.340 GC heap after
{Heap after GC invocations=12 (full 0):
 garbage-first heap   total 68608K, used 28378K [0x000000008a600000, 0x0000000100000000)
  region size 1024K, 4 young (4096K), 4 survivors (4096K)
 Metaspace       used 46438K, committed 46656K, reserved 1097728K
  class space    used 5694K, committed 5824K, reserved 1048576K
}
Event: 2.494 GC heap before
{Heap before GC invocations=12 (full 0):
 garbage-first heap   total 68608K, used 49882K [0x000000008a600000, 0x0000000100000000)
  region size 1024K, 25 young (25600K), 4 survivors (4096K)
 Metaspace       used 48067K, committed 48256K, reserved 1097728K
  class space    used 5881K, committed 5952K, reserved 1048576K
}

