# JRE version: OpenJDK Runtime Environment (17.0.6) (build 17.0.6+0-b2043.56-10027231)
# Java VM: OpenJDK 64-Bit Server VM (17.0.6+0-b2043.56-10027231, mixed mode, tiered, compressed oops, compressed class ptrs, g1 gc, windows-amd64)
GC Precious Log:
 CPUs: 12 total, 12 available
 Memory: 7521M
 Large Page Support: Disabled
 NUMA Support: Disabled
 Compressed Oops: Enabled (32-bit)
 Heap Region Size: 1M
 Heap Min Capacity: 8M
 Heap Initial Capacity: 118M
 Heap Max Capacity: 2G
 Pre-touch: Disabled
 Parallel Workers: 10
 Concurrent Workers: 3
 Concurrent Refinement Workers: 10
 Periodic GC: Disabled
Heap:
 garbage-first heap   total 175104K, used 138071K [0x0000000080000000, 0x0000000100000000)
  region size 1024K, 48 young (49152K), 1 survivors (1024K)
 Metaspace       used 96515K, committed 97216K, reserved 1138688K
  class space    used 13346K, committed 13632K, reserved 1048576K
GC Heap History (20 events):
Event: 5.596 GC heap before
{Heap before GC invocations=24 (full 0):
 garbage-first heap   total 115712K, used 89526K [0x0000000080000000, 0x0000000100000000)
  region size 1024K, 29 young (29696K), 2 survivors (2048K)
 Metaspace       used 74974K, committed 75584K, reserved 1122304K
  class space    used 10034K, committed 10304K, reserved 1048576K
}
Event: 5.599 GC heap after
{Heap after GC invocations=25 (full 0):
 garbage-first heap   total 139264K, used 63806K [0x0000000080000000, 0x0000000100000000)
  region size 1024K, 4 young (4096K), 4 survivors (4096K)
 Metaspace       used 74974K, committed 75584K, reserved 1122304K
  class space    used 10034K, committed 10304K, reserved 1048576K
}
Event: 5.980 GC heap before
{Heap before GC invocations=26 (full 0):
 garbage-first heap   total 139264K, used 106814K [0x0000000080000000, 0x0000000100000000)
  region size 1024K, 46 young (47104K), 4 survivors (4096K)
 Metaspace       used 78069K, committed 78656K, reserved 1122304K
  class space    used 10440K, committed 10688K, reserved 1048576K
}
Event: 5.984 GC heap after
{Heap after GC invocations=27 (full 0):
 garbage-first heap   total 139264K, used 67178K [0x0000000080000000, 0x0000000100000000)
  region size 1024K, 6 young (6144K), 6 survivors (6144K)
 Metaspace       used 78069K, committed 78656K, reserved 1122304K
  class space    used 10440K, committed 10688K, reserved 1048576K
}
Event: 6.366 GC heap before
{Heap before GC invocations=27 (full 0):
 garbage-first heap   total 139264K, used 108138K [0x0000000080000000, 0x0000000100000000)
  region size 1024K, 46 young (47104K), 6 survivors (6144K)
 Metaspace       used 82780K, committed 83392K, reserved 1122304K
  class space    used 11298K, committed 11584K, reserved 1048576K
}
Event: 6.371 GC heap after
{Heap after GC invocations=28 (full 0):
 garbage-first heap   total 139264K, used 69281K [0x0000000080000000, 0x0000000100000000)
  region size 1024K, 3 young (3072K), 3 survivors (3072K)
 Metaspace       used 82780K, committed 83392K, reserved 1122304K
  class space    used 11298K, committed 11584K, reserved 1048576K
}
Event: 6.777 GC heap before
{Heap before GC invocations=28 (full 0):
 garbage-first heap   total 139264K, used 110241K [0x0000000080000000, 0x0000000100000000)
  region size 1024K, 43 young (44032K), 3 survivors (3072K)
 Metaspace       used 86545K, committed 87168K, reserved 1130496K
  class space    used 11839K, committed 12160K, reserved 1048576K
}
Event: 6.782 GC heap after
{Heap after GC invocations=29 (full 0):
 garbage-first heap   total 139264K, used 72192K [0x0000000080000000, 0x0000000100000000)
  region size 1024K, 6 young (6144K), 6 survivors (6144K)
 Metaspace       used 86545K, committed 87168K, reserved 1130496K
  class space    used 11839K, committed 12160K, reserved 1048576K
}
Event: 7.213 GC heap before
{Heap before GC invocations=30 (full 0):
 garbage-first heap   total 139264K, used 112128K [0x0000000080000000, 0x0000000100000000)
  region size 1024K, 45 young (46080K), 6 survivors (6144K)
 Metaspace       used 91879K, committed 92480K, reserved 1130496K
  class space    used 12604K, committed 12864K, reserved 1048576K
}
Event: 7.219 GC heap after
{Heap after GC invocations=31 (full 0):
 garbage-first heap   total 139264K, used 75965K [0x0000000080000000, 0x0000000100000000)
  region size 1024K, 4 young (4096K), 4 survivors (4096K)
 Metaspace       used 91879K, committed 92480K, reserved 1130496K
  class space    used 12604K, committed 12864K, reserved 1048576K
}
Event: 7.503 GC heap before
{Heap before GC invocations=31 (full 0):
 garbage-first heap   total 139264K, used 112829K [0x0000000080000000, 0x0000000100000000)
  region size 1024K, 40 young (40960K), 4 survivors (4096K)
 Metaspace       used 93320K, committed 94016K, reserved 1130496K
  class space    used 12792K, committed 13120K, reserved 1048576K
}
Event: 7.510 GC heap after
{Heap after GC invocations=32 (full 0):
 garbage-first heap   total 139264K, used 80302K [0x0000000080000000, 0x0000000100000000)
  region size 1024K, 5 young (5120K), 5 survivors (5120K)
 Metaspace       used 93320K, committed 94016K, reserved 1130496K
  class space    used 12792K, committed 13120K, reserved 1048576K
}
Event: 7.688 GC heap before
{Heap before GC invocations=33 (full 0):
 garbage-first heap   total 145408K, used 113070K [0x0000000080000000, 0x0000000100000000)
  region size 1024K, 37 young (37888K), 5 survivors (5120K)
 Metaspace       used 93522K, committed 94144K, reserved 1130496K
  class space    used 12820K, committed 13120K, reserved 1048576K
}
Event: 7.694 GC heap after
{Heap after GC invocations=34 (full 0):
 garbage-first heap   total 145408K, used 85191K [0x0000000080000000, 0x0000000100000000)
  region size 1024K, 5 young (5120K), 5 survivors (5120K)
 Metaspace       used 93522K, committed 94144K, reserved 1130496K
  class space    used 12820K, committed 13120K, reserved 1048576K
}
Event: 7.979 GC heap before
{Heap before GC invocations=34 (full 0):
 garbage-first heap   total 145408K, used 117959K [0x0000000080000000, 0x0000000100000000)
  region size 1024K, 37 young (37888K), 5 survivors (5120K)
 Metaspace       used 95448K, committed 96192K, reserved 1138688K
  class space    used 13244K, committed 13568K, reserved 1048576K
}
Event: 7.984 GC heap after
{Heap after GC invocations=35 (full 0):
 garbage-first heap   total 175104K, used 88681K [0x0000000080000000, 0x0000000100000000)
  region size 1024K, 4 young (4096K), 4 survivors (4096K)
 Metaspace       used 95448K, committed 96192K, reserved 1138688K
  class space    used 13244K, committed 13568K, reserved 1048576K
}
Event: 8.245 GC heap before
{Heap before GC invocations=36 (full 0):
 garbage-first heap   total 175104K, used 138857K [0x0000000080000000, 0x0000000100000000)
  region size 1024K, 54 young (55296K), 4 survivors (4096K)
 Metaspace       used 95935K, committed 96640K, reserved 1138688K
  class space    used 13289K, committed 13632K, reserved 1048576K
}
Event: 8.249 GC heap after
{Heap after GC invocations=37 (full 0):
 garbage-first heap   total 175104K, used 91650K [0x0000000080000000, 0x0000000100000000)
  region size 1024K, 7 young (7168K), 7 survivors (7168K)
 Metaspace       used 95935K, committed 96640K, reserved 1138688K
  class space    used 13289K, committed 13632K, reserved 1048576K
}
Event: 8.252 GC heap before
{Heap before GC invocations=37 (full 0):
 garbage-first heap   total 175104K, used 92674K [0x0000000080000000, 0x0000000100000000)
  region size 1024K, 8 young (8192K), 7 survivors (7168K)
 Metaspace       used 95939K, committed 96640K, reserved 1138688K
  class space    used 13289K, committed 13632K, reserved 1048576K
}
Event: 8.257 GC heap after
{Heap after GC invocations=38 (full 0):
 garbage-first heap   total 175104K, used 91991K [0x0000000080000000, 0x0000000100000000)
  region size 1024K, 1 young (1024K), 1 survivors (1024K)
 Metaspace       used 95939K, committed 96640K, reserved 1138688K
  class space    used 13289K, committed 13632K, reserved 1048576K
}

